#
# A fatal error has been detected by the Java Runtime Environment:
#
#  EXCEPTION_ACCESS_VIOLATION (0xc0000005) at pc=0x00007fff231debc5, pid=10476, tid=14296
#
# JRE version: OpenJDK Runtime Environment (16.0.1+9) (build 16.0.1+9-24)
# Java VM: OpenJDK 64-Bit Server VM (16.0.1+9-24, mixed mode, tiered, compressed oops, compressed class ptrs, g1 gc, windows-amd64)
# Problematic frame:
# V  [jvm.dll+0x60ebc5]
#
# No core dump will be written. Minidumps are not enabled by default on client versions of Windows
#
# If you would like to submit a bug report, please visit:
#   https://bugreport.java.com/bugreport/crash.jsp
#

---------------  S U M M A R Y ------------

Command Line: -XX:+ShowCodeDetailsInExceptionMessages -agentlib:jdwp=transport=dt_socket,suspend=y,address=localhost:57304 -javaagent:C:\Users\sergi\.eclipse\org.eclipse.platform_4.20.0_1154515936_win32_win32_x86_64\configuration\org.eclipse.osgi\222\0\.cp\lib\javaagent-shaded.jar -Dfile.encoding=Cp1252 Fabrica

Host: Intel(R) Core(TM) i5-10210U CPU @ 1.60GHz, 8 cores, 15G,  Windows 10 , 64 bit Build 22000 (10.0.22000.434)
Time: Mon Feb  7 12:47:24 2022 Hora estándar romance elapsed time: 57176.106150 seconds (0d 15h 52m 56s)

---------------  T H R E A D  ---------------

Current thread (0x000002c31aa8d6f0):  VMThread "VM Thread" [stack: 0x000000eb6fe00000,0x000000eb6ff00000] [id=14296]

Stack: [0x000000eb6fe00000,0x000000eb6ff00000],  sp=0x000000eb6feff348,  free space=1020k
Native frames: (J=compiled Java code, j=interpreted, Vv=VM code, C=native code)
V  [jvm.dll+0x60ebc5]


siginfo: EXCEPTION_ACCESS_VIOLATION (0xc0000005), reading address 0xffffffffffffffff


Register to memory mapping:

RIP=0x00007fff231debc5 jvm.dll
RAX=0x00ca7fff234a4970 is an unknown value
RBX=0x0 is NULL
RCX=0x000002c31c439150 is pointing into metadata
RDX=0x000002c37c0c2701 points into unknown readable memory: db a8 1a c3 02 00 00
RSP=0x000000eb6feff348 points into unknown readable memory: 0x00007fff2334b7fa | fa b7 34 23 ff 7f 00 00
RBP=0x00007fff231debc0 jvm.dll
RSI=0x000002c37c0c2760 is a thread
RDI=0x0 is NULL
R8 =0x000000007ffe4001 points into unknown readable memory: 61 6c 54 00 00 00 00
R9 =0x0000000000000083 is an unknown value
R10=0x00000000546c6148 is an unknown value
R11=0x000003ea9f350516 is an unknown value
R12=0x00007fff23473010 jvm.dll
R13=0x00007fff236e0980 jvm.dll
R14=0x000002c31aa587a8 points into unknown readable memory: 0x101de558531fa3d6 | d6 a3 1f 53 58 e5 1d 10
R15=0x00000000000003d8 is an unknown value


Registers:
RAX=0x00ca7fff234a4970, RBX=0x0000000000000000, RCX=0x000002c31c439150, RDX=0x000002c37c0c2701
RSP=0x000000eb6feff348, RBP=0x00007fff231debc0, RSI=0x000002c37c0c2760, RDI=0x0000000000000000
R8 =0x000000007ffe4001, R9 =0x0000000000000083, R10=0x00000000546c6148, R11=0x000003ea9f350516
R12=0x00007fff23473010, R13=0x00007fff236e0980, R14=0x000002c31aa587a8, R15=0x00000000000003d8
RIP=0x00007fff231debc5, EFLAGS=0x0000000000010202

Top of Stack: (sp=0x000000eb6feff348)
0x000000eb6feff348:   00007fff2334b7fa 0000000000000008
0x000000eb6feff358:   00007fff8978830a 0000000000000000
0x000000eb6feff368:   000000000000001c 000002c31b70ed18
0x000000eb6feff378:   00007fff23350eeb 000002c31b70eca0
0x000000eb6feff388:   000000eb6feff3d0 000002c31aa583d0
0x000000eb6feff398:   00007fff87002a4e 000000eb6feff4d0
0x000000eb6feff3a8:   00007fff2334daff 0000000000000001
0x000000eb6feff3b8:   000002c31aa583d0 0000000000000001
0x000000eb6feff3c8:   000002c31b5d1bc0 00007fff2351ac70
0x000000eb6feff3d8:   00007fff231debc0 0000000000000000
0x000000eb6feff3e8:   00007fff231dea65 00007fff2353f858
0x000000eb6feff3f8:   000002c379f42970 000002c37c1295d0
0x000000eb6feff408:   000002c37c129600 000002c31aa583c0
0x000000eb6feff418:   00007fff230f5dae 000002c31b5d1db0
0x000000eb6feff428:   000000eb709ff1a0 000002c31aa8d6f0
0x000000eb6feff438:   0000000000000000 0000000000000000 

Instructions: (pc=0x00007fff231debc5)
0x00007fff231deac5:   cc cc cc cc cc cc cc cc cc cc cc 48 89 5c 24 18
0x00007fff231dead5:   55 48 83 ec 20 48 8b 1d 9f cc 4d 00 48 85 db 74
0x00007fff231deae5:   17 48 8b 05 83 cc 4d 00 48 89 83 08 02 00 00 48
0x00007fff231deaf5:   89 1d 75 cc 4d 00 eb 07 48 8b 1d 6c cc 4d 00 33
0x00007fff231deb05:   ed 48 89 2d 73 cc 4d 00 48 85 db 74 7e 48 89 74
0x00007fff231deb15:   24 30 48 89 7c 24 38 0f 1f 40 00 48 8b b3 00 02
0x00007fff231deb25:   00 00 48 8b fd 48 2b f3 48 c1 ee 03 48 85 f6 74
0x00007fff231deb35:   1e 66 66 0f 1f 84 00 00 00 00 00 48 8b 0c fb 33
0x00007fff231deb45:   d2 48 8b 01 ff 50 68 48 ff c7 48 3b fe 72 ec 48
0x00007fff231deb55:   8b 8b 08 02 00 00 48 89 ab 08 02 00 00 48 89 9b
0x00007fff231deb65:   00 02 00 00 48 8b 05 08 cc 4d 00 48 89 83 10 02
0x00007fff231deb75:   00 00 48 89 1d fa cb 4d 00 48 8b d9 48 85 c9 75
0x00007fff231deb85:   9a 48 8b 7c 24 38 48 8b 74 24 30 48 8b 5c 24 40
0x00007fff231deb95:   48 89 2d d4 cb 4d 00 48 83 c4 20 5d c3 cc cc cc
0x00007fff231deba5:   cc cc cc cc cc cc cc cc cc cc cc 48 8b 02 48 8b
0x00007fff231debb5:   ca b2 01 48 ff 60 68 cc cc cc cc 48 8b 01 b2 01
0x00007fff231debc5:   48 ff 60 68 cc cc cc cc cc cc cc 40 53 48 83 ec
0x00007fff231debd5:   20 48 8b 15 a3 cb 4d 00 48 8b d9 48 85 d2 74 21
0x00007fff231debe5:   48 8d 82 00 02 00 00 48 39 00 75 72 48 8b 05 78
0x00007fff231debf5:   cb 4d 00 48 89 82 08 02 00 00 48 89 15 6a cb 4d
0x00007fff231dec05:   00 48 8b 15 6b cb 4d 00 48 85 d2 74 10 48 8b 82
0x00007fff231dec15:   10 02 00 00 48 89 05 58 cb 4d 00 eb 3a 45 33 c0
0x00007fff231dec25:   b9 18 02 00 00 41 8d 50 08 e8 5d 9a a9 ff 48 8b
0x00007fff231dec35:   d0 48 85 c0 74 1f 48 89 80 00 02 00 00 48 c7 80
0x00007fff231dec45:   08 02 00 00 00 00 00 00 48 c7 80 10 02 00 00 00
0x00007fff231dec55:   00 00 00 eb 02 33 d2 48 89 15 1d cb 4d 00 48 8b
0x00007fff231dec65:   82 00 02 00 00 48 89 18 48 83 82 00 02 00 00 08
0x00007fff231dec75:   48 83 c4 20 5b c3 cc cc cc cc cc 48 89 4c 24 08
0x00007fff231dec85:   48 89 54 24 10 4c 89 44 24 18 4c 89 4c 24 20 48
0x00007fff231dec95:   83 ec 28 4c 8b c1 4c 8d 4c 24 38 48 8d 0d f9 ca
0x00007fff231deca5:   4d 00 ba 01 00 00 00 e8 cf 1e f5 ff 48 83 c4 28
0x00007fff231decb5:   c3 cc cc cc cc cc cc cc cc cc cc 40 55 56 41 54 


Stack slot to memory mapping:
stack at sp + 0 slots: 0x00007fff2334b7fa jvm.dll
stack at sp + 1 slots: 0x0000000000000008 is an unknown value
stack at sp + 2 slots: 0x00007fff8978830a ntdll.dll
stack at sp + 3 slots: 0x0 is NULL
stack at sp + 4 slots: 0x000000000000001c is an unknown value
stack at sp + 5 slots: 0x000002c31b70ed18 points into unknown readable memory: 0x0000000000000000 | 00 00 00 00 00 00 00 00
stack at sp + 6 slots: 0x00007fff23350eeb jvm.dll
stack at sp + 7 slots: 0x000002c31b70eca0 points into unknown readable memory: 0x000002c37c0c2760 | 60 27 0c 7c c3 02 00 00

VM_Operation (0x000000eb709ff1a0): RedefineClasses, mode: safepoint, requested by thread 0x000002c31b7988d0


---------------  P R O C E S S  ---------------

Threads class SMR info:
_java_thread_list=0x000002c31bba6ac0, length=15, elements={
0x000002c37c0c2760, 0x000002c31aa8e1f0, 0x000002c31b42a010, 0x000002c31b45b0c0,
0x000002c31b45b9d0, 0x000002c31b45c2e0, 0x000002c31b462100, 0x000002c31b46ae00,
0x000002c31b46b800, 0x000002c31b46c150, 0x000002c31b5afc80, 0x000002c31b7988d0,
0x000002c31b70c310, 0x000002c31b70cc60, 0x000002c31bbb1840
}

Java Threads: ( => current thread )
  0x000002c37c0c2760 JavaThread "main" [_thread_blocked, id=5060, stack(0x000000eb6f800000,0x000000eb6f900000)]
  0x000002c31aa8e1f0 JavaThread "Reference Handler" daemon [_thread_blocked, id=13628, stack(0x000000eb6ff00000,0x000000eb70000000)]
  0x000002c31b42a010 JavaThread "Finalizer" daemon [_thread_blocked, id=18936, stack(0x000000eb70000000,0x000000eb70100000)]
  0x000002c31b45b0c0 JavaThread "Signal Dispatcher" daemon [_thread_blocked, id=2040, stack(0x000000eb70100000,0x000000eb70200000)]
  0x000002c31b45b9d0 JavaThread "Attach Listener" daemon [_thread_blocked, id=18344, stack(0x000000eb70200000,0x000000eb70300000)]
  0x000002c31b45c2e0 JavaThread "Service Thread" daemon [_thread_blocked, id=16892, stack(0x000000eb70300000,0x000000eb70400000)]
  0x000002c31b462100 JavaThread "Monitor Deflation Thread" daemon [_thread_blocked, id=7268, stack(0x000000eb70400000,0x000000eb70500000)]
  0x000002c31b46ae00 JavaThread "C2 CompilerThread0" daemon [_thread_blocked, id=14604, stack(0x000000eb70500000,0x000000eb70600000)]
  0x000002c31b46b800 JavaThread "C1 CompilerThread0" daemon [_thread_blocked, id=13460, stack(0x000000eb70600000,0x000000eb70700000)]
  0x000002c31b46c150 JavaThread "Sweeper thread" daemon [_thread_blocked, id=7524, stack(0x000000eb70700000,0x000000eb70800000)]
  0x000002c31b5afc80 JavaThread "Common-Cleaner" daemon [_thread_blocked, id=14944, stack(0x000000eb70800000,0x000000eb70900000)]
  0x000002c31b7988d0 JavaThread "JDWP Transport Listener: dt_socket" daemon [_thread_blocked, id=13044, stack(0x000000eb70900000,0x000000eb70a00000)]
  0x000002c31b70c310 JavaThread "JDWP Event Helper Thread" daemon [_thread_blocked, id=7568, stack(0x000000eb70a00000,0x000000eb70b00000)]
  0x000002c31b70cc60 JavaThread "JDWP Command Reader" daemon [_thread_in_native, id=11648, stack(0x000000eb70b00000,0x000000eb70c00000)]
  0x000002c31bbb1840 JavaThread "Notification Thread" daemon [_thread_blocked, id=17576, stack(0x000000eb70c00000,0x000000eb70d00000)]

Other Threads:
=>0x000002c31aa8d6f0 VMThread "VM Thread" [stack: 0x000000eb6fe00000,0x000000eb6ff00000] [id=14296]
  0x000002c31bbb2570 WatcherThread [stack: 0x000000eb70d00000,0x000000eb70e00000] [id=14264]
  0x000002c37c1159d0 GCTaskThread "GC Thread#0" [stack: 0x000000eb6f900000,0x000000eb6fa00000] [id=4500]
  0x000002c37c126f10 ConcurrentGCThread "G1 Main Marker" [stack: 0x000000eb6fa00000,0x000000eb6fb00000] [id=14664]
  0x000002c37c127910 ConcurrentGCThread "G1 Conc#0" [stack: 0x000000eb6fb00000,0x000000eb6fc00000] [id=15728]
  0x000002c31a8f20c0 ConcurrentGCThread "G1 Refine#0" [stack: 0x000000eb6fc00000,0x000000eb6fd00000] [id=17396]
  0x000002c31a8f2ad0 ConcurrentGCThread "G1 Service" [stack: 0x000000eb6fd00000,0x000000eb6fe00000] [id=8888]

Threads with active compile tasks:

VM state: at safepoint (normal execution)

VM Mutex/Monitor currently owned by a thread:  ([mutex/lock_event])
[0x000002c37c0b5a00] Threads_lock - owner thread: 0x000002c31aa8d6f0

Heap address: 0x0000000702c00000, size: 4052 MB, Compressed Oops mode: Zero based, Oop shift amount: 3

CDS disabled.
Compressed class space mapped at: 0x0000000800000000-0x0000000840000000, reserved size: 1073741824
Narrow klass base: 0x0000000800000000, Narrow klass shift: 0, Narrow klass range: 0x40000000

GC Precious Log:
 CPUs: 8 total, 8 available
 Memory: 16201M
 Large Page Support: Disabled
 NUMA Support: Disabled
 Compressed Oops: Enabled (Zero based)
 Heap Region Size: 2M
 Heap Min Capacity: 8M
 Heap Initial Capacity: 254M
 Heap Max Capacity: 4052M
 Pre-touch: Disabled
 Parallel Workers: 8
 Concurrent Workers: 2
 Concurrent Refinement Workers: 8
 Periodic GC: Disabled

Heap:
 garbage-first heap   total 260096K, used 4096K [0x0000000702c00000, 0x0000000800000000)
  region size 2048K, 3 young (6144K), 0 survivors (0K)
 Metaspace       used 9238K, committed 9344K, reserved 1064960K
  class space    used 787K, committed 832K, reserved 1048576K

Heap Regions: E=young(eden), S=young(survivor), O=old, HS=humongous(starts), HC=humongous(continues), CS=collection set, F=free, OA=open archive, CA=closed archive, TAMS=top-at-mark-start (previous, next)
|   0|0x0000000702c00000, 0x0000000702c00000, 0x0000000702e00000|  0%| F|  |TAMS 0x0000000702c00000, 0x0000000702c00000| Untracked 
|   1|0x0000000702e00000, 0x0000000702e00000, 0x0000000703000000|  0%| F|  |TAMS 0x0000000702e00000, 0x0000000702e00000| Untracked 
|   2|0x0000000703000000, 0x0000000703000000, 0x0000000703200000|  0%| F|  |TAMS 0x0000000703000000, 0x0000000703000000| Untracked 
|   3|0x0000000703200000, 0x0000000703200000, 0x0000000703400000|  0%| F|  |TAMS 0x0000000703200000, 0x0000000703200000| Untracked 
|   4|0x0000000703400000, 0x0000000703400000, 0x0000000703600000|  0%| F|  |TAMS 0x0000000703400000, 0x0000000703400000| Untracked 
|   5|0x0000000703600000, 0x0000000703600000, 0x0000000703800000|  0%| F|  |TAMS 0x0000000703600000, 0x0000000703600000| Untracked 
|   6|0x0000000703800000, 0x0000000703800000, 0x0000000703a00000|  0%| F|  |TAMS 0x0000000703800000, 0x0000000703800000| Untracked 
|   7|0x0000000703a00000, 0x0000000703a00000, 0x0000000703c00000|  0%| F|  |TAMS 0x0000000703a00000, 0x0000000703a00000| Untracked 
|   8|0x0000000703c00000, 0x0000000703c00000, 0x0000000703e00000|  0%| F|  |TAMS 0x0000000703c00000, 0x0000000703c00000| Untracked 
|   9|0x0000000703e00000, 0x0000000703e00000, 0x0000000704000000|  0%| F|  |TAMS 0x0000000703e00000, 0x0000000703e00000| Untracked 
|  10|0x0000000704000000, 0x0000000704000000, 0x0000000704200000|  0%| F|  |TAMS 0x0000000704000000, 0x0000000704000000| Untracked 
|  11|0x0000000704200000, 0x0000000704200000, 0x0000000704400000|  0%| F|  |TAMS 0x0000000704200000, 0x0000000704200000| Untracked 
|  12|0x0000000704400000, 0x0000000704400000, 0x0000000704600000|  0%| F|  |TAMS 0x0000000704400000, 0x0000000704400000| Untracked 
|  13|0x0000000704600000, 0x0000000704600000, 0x0000000704800000|  0%| F|  |TAMS 0x0000000704600000, 0x0000000704600000| Untracked 
|  14|0x0000000704800000, 0x0000000704800000, 0x0000000704a00000|  0%| F|  |TAMS 0x0000000704800000, 0x0000000704800000| Untracked 
|  15|0x0000000704a00000, 0x0000000704a00000, 0x0000000704c00000|  0%| F|  |TAMS 0x0000000704a00000, 0x0000000704a00000| Untracked 
|  16|0x0000000704c00000, 0x0000000704c00000, 0x0000000704e00000|  0%| F|  |TAMS 0x0000000704c00000, 0x0000000704c00000| Untracked 
|  17|0x0000000704e00000, 0x0000000704e00000, 0x0000000705000000|  0%| F|  |TAMS 0x0000000704e00000, 0x0000000704e00000| Untracked 
|  18|0x0000000705000000, 0x0000000705000000, 0x0000000705200000|  0%| F|  |TAMS 0x0000000705000000, 0x0000000705000000| Untracked 
|  19|0x0000000705200000, 0x0000000705200000, 0x0000000705400000|  0%| F|  |TAMS 0x0000000705200000, 0x0000000705200000| Untracked 
|  20|0x0000000705400000, 0x0000000705400000, 0x0000000705600000|  0%| F|  |TAMS 0x0000000705400000, 0x0000000705400000| Untracked 
|  21|0x0000000705600000, 0x0000000705600000, 0x0000000705800000|  0%| F|  |TAMS 0x0000000705600000, 0x0000000705600000| Untracked 
|  22|0x0000000705800000, 0x0000000705800000, 0x0000000705a00000|  0%| F|  |TAMS 0x0000000705800000, 0x0000000705800000| Untracked 
|  23|0x0000000705a00000, 0x0000000705a00000, 0x0000000705c00000|  0%| F|  |TAMS 0x0000000705a00000, 0x0000000705a00000| Untracked 
|  24|0x0000000705c00000, 0x0000000705c00000, 0x0000000705e00000|  0%| F|  |TAMS 0x0000000705c00000, 0x0000000705c00000| Untracked 
|  25|0x0000000705e00000, 0x0000000705e00000, 0x0000000706000000|  0%| F|  |TAMS 0x0000000705e00000, 0x0000000705e00000| Untracked 
|  26|0x0000000706000000, 0x0000000706000000, 0x0000000706200000|  0%| F|  |TAMS 0x0000000706000000, 0x0000000706000000| Untracked 
|  27|0x0000000706200000, 0x0000000706200000, 0x0000000706400000|  0%| F|  |TAMS 0x0000000706200000, 0x0000000706200000| Untracked 
|  28|0x0000000706400000, 0x0000000706400000, 0x0000000706600000|  0%| F|  |TAMS 0x0000000706400000, 0x0000000706400000| Untracked 
|  29|0x0000000706600000, 0x0000000706600000, 0x0000000706800000|  0%| F|  |TAMS 0x0000000706600000, 0x0000000706600000| Untracked 
|  30|0x0000000706800000, 0x0000000706800000, 0x0000000706a00000|  0%| F|  |TAMS 0x0000000706800000, 0x0000000706800000| Untracked 
|  31|0x0000000706a00000, 0x0000000706a00000, 0x0000000706c00000|  0%| F|  |TAMS 0x0000000706a00000, 0x0000000706a00000| Untracked 
|  32|0x0000000706c00000, 0x0000000706c00000, 0x0000000706e00000|  0%| F|  |TAMS 0x0000000706c00000, 0x0000000706c00000| Untracked 
|  33|0x0000000706e00000, 0x0000000706e00000, 0x0000000707000000|  0%| F|  |TAMS 0x0000000706e00000, 0x0000000706e00000| Untracked 
|  34|0x0000000707000000, 0x0000000707000000, 0x0000000707200000|  0%| F|  |TAMS 0x0000000707000000, 0x0000000707000000| Untracked 
|  35|0x0000000707200000, 0x0000000707200000, 0x0000000707400000|  0%| F|  |TAMS 0x0000000707200000, 0x0000000707200000| Untracked 
|  36|0x0000000707400000, 0x0000000707400000, 0x0000000707600000|  0%| F|  |TAMS 0x0000000707400000, 0x0000000707400000| Untracked 
|  37|0x0000000707600000, 0x0000000707600000, 0x0000000707800000|  0%| F|  |TAMS 0x0000000707600000, 0x0000000707600000| Untracked 
|  38|0x0000000707800000, 0x0000000707800000, 0x0000000707a00000|  0%| F|  |TAMS 0x0000000707800000, 0x0000000707800000| Untracked 
|  39|0x0000000707a00000, 0x0000000707a00000, 0x0000000707c00000|  0%| F|  |TAMS 0x0000000707a00000, 0x0000000707a00000| Untracked 
|  40|0x0000000707c00000, 0x0000000707c00000, 0x0000000707e00000|  0%| F|  |TAMS 0x0000000707c00000, 0x0000000707c00000| Untracked 
|  41|0x0000000707e00000, 0x0000000707e00000, 0x0000000708000000|  0%| F|  |TAMS 0x0000000707e00000, 0x0000000707e00000| Untracked 
|  42|0x0000000708000000, 0x0000000708000000, 0x0000000708200000|  0%| F|  |TAMS 0x0000000708000000, 0x0000000708000000| Untracked 
|  43|0x0000000708200000, 0x0000000708200000, 0x0000000708400000|  0%| F|  |TAMS 0x0000000708200000, 0x0000000708200000| Untracked 
|  44|0x0000000708400000, 0x0000000708400000, 0x0000000708600000|  0%| F|  |TAMS 0x0000000708400000, 0x0000000708400000| Untracked 
|  45|0x0000000708600000, 0x0000000708600000, 0x0000000708800000|  0%| F|  |TAMS 0x0000000708600000, 0x0000000708600000| Untracked 
|  46|0x0000000708800000, 0x0000000708800000, 0x0000000708a00000|  0%| F|  |TAMS 0x0000000708800000, 0x0000000708800000| Untracked 
|  47|0x0000000708a00000, 0x0000000708a00000, 0x0000000708c00000|  0%| F|  |TAMS 0x0000000708a00000, 0x0000000708a00000| Untracked 
|  48|0x0000000708c00000, 0x0000000708c00000, 0x0000000708e00000|  0%| F|  |TAMS 0x0000000708c00000, 0x0000000708c00000| Untracked 
|  49|0x0000000708e00000, 0x0000000708e00000, 0x0000000709000000|  0%| F|  |TAMS 0x0000000708e00000, 0x0000000708e00000| Untracked 
|  50|0x0000000709000000, 0x0000000709000000, 0x0000000709200000|  0%| F|  |TAMS 0x0000000709000000, 0x0000000709000000| Untracked 
|  51|0x0000000709200000, 0x0000000709200000, 0x0000000709400000|  0%| F|  |TAMS 0x0000000709200000, 0x0000000709200000| Untracked 
|  52|0x0000000709400000, 0x0000000709400000, 0x0000000709600000|  0%| F|  |TAMS 0x0000000709400000, 0x0000000709400000| Untracked 
|  53|0x0000000709600000, 0x0000000709600000, 0x0000000709800000|  0%| F|  |TAMS 0x0000000709600000, 0x0000000709600000| Untracked 
|  54|0x0000000709800000, 0x0000000709800000, 0x0000000709a00000|  0%| F|  |TAMS 0x0000000709800000, 0x0000000709800000| Untracked 
|  55|0x0000000709a00000, 0x0000000709a00000, 0x0000000709c00000|  0%| F|  |TAMS 0x0000000709a00000, 0x0000000709a00000| Untracked 
|  56|0x0000000709c00000, 0x0000000709c00000, 0x0000000709e00000|  0%| F|  |TAMS 0x0000000709c00000, 0x0000000709c00000| Untracked 
|  57|0x0000000709e00000, 0x0000000709e00000, 0x000000070a000000|  0%| F|  |TAMS 0x0000000709e00000, 0x0000000709e00000| Untracked 
|  58|0x000000070a000000, 0x000000070a000000, 0x000000070a200000|  0%| F|  |TAMS 0x000000070a000000, 0x000000070a000000| Untracked 
|  59|0x000000070a200000, 0x000000070a200000, 0x000000070a400000|  0%| F|  |TAMS 0x000000070a200000, 0x000000070a200000| Untracked 
|  60|0x000000070a400000, 0x000000070a400000, 0x000000070a600000|  0%| F|  |TAMS 0x000000070a400000, 0x000000070a400000| Untracked 
|  61|0x000000070a600000, 0x000000070a600000, 0x000000070a800000|  0%| F|  |TAMS 0x000000070a600000, 0x000000070a600000| Untracked 
|  62|0x000000070a800000, 0x000000070a800000, 0x000000070aa00000|  0%| F|  |TAMS 0x000000070a800000, 0x000000070a800000| Untracked 
|  63|0x000000070aa00000, 0x000000070aa00000, 0x000000070ac00000|  0%| F|  |TAMS 0x000000070aa00000, 0x000000070aa00000| Untracked 
|  64|0x000000070ac00000, 0x000000070ac00000, 0x000000070ae00000|  0%| F|  |TAMS 0x000000070ac00000, 0x000000070ac00000| Untracked 
|  65|0x000000070ae00000, 0x000000070ae00000, 0x000000070b000000|  0%| F|  |TAMS 0x000000070ae00000, 0x000000070ae00000| Untracked 
|  66|0x000000070b000000, 0x000000070b000000, 0x000000070b200000|  0%| F|  |TAMS 0x000000070b000000, 0x000000070b000000| Untracked 
|  67|0x000000070b200000, 0x000000070b200000, 0x000000070b400000|  0%| F|  |TAMS 0x000000070b200000, 0x000000070b200000| Untracked 
|  68|0x000000070b400000, 0x000000070b400000, 0x000000070b600000|  0%| F|  |TAMS 0x000000070b400000, 0x000000070b400000| Untracked 
|  69|0x000000070b600000, 0x000000070b600000, 0x000000070b800000|  0%| F|  |TAMS 0x000000070b600000, 0x000000070b600000| Untracked 
|  70|0x000000070b800000, 0x000000070b800000, 0x000000070ba00000|  0%| F|  |TAMS 0x000000070b800000, 0x000000070b800000| Untracked 
|  71|0x000000070ba00000, 0x000000070ba00000, 0x000000070bc00000|  0%| F|  |TAMS 0x000000070ba00000, 0x000000070ba00000| Untracked 
|  72|0x000000070bc00000, 0x000000070bc00000, 0x000000070be00000|  0%| F|  |TAMS 0x000000070bc00000, 0x000000070bc00000| Untracked 
|  73|0x000000070be00000, 0x000000070be00000, 0x000000070c000000|  0%| F|  |TAMS 0x000000070be00000, 0x000000070be00000| Untracked 
|  74|0x000000070c000000, 0x000000070c000000, 0x000000070c200000|  0%| F|  |TAMS 0x000000070c000000, 0x000000070c000000| Untracked 
|  75|0x000000070c200000, 0x000000070c200000, 0x000000070c400000|  0%| F|  |TAMS 0x000000070c200000, 0x000000070c200000| Untracked 
|  76|0x000000070c400000, 0x000000070c400000, 0x000000070c600000|  0%| F|  |TAMS 0x000000070c400000, 0x000000070c400000| Untracked 
|  77|0x000000070c600000, 0x000000070c600000, 0x000000070c800000|  0%| F|  |TAMS 0x000000070c600000, 0x000000070c600000| Untracked 
|  78|0x000000070c800000, 0x000000070c800000, 0x000000070ca00000|  0%| F|  |TAMS 0x000000070c800000, 0x000000070c800000| Untracked 
|  79|0x000000070ca00000, 0x000000070ca00000, 0x000000070cc00000|  0%| F|  |TAMS 0x000000070ca00000, 0x000000070ca00000| Untracked 
|  80|0x000000070cc00000, 0x000000070cc00000, 0x000000070ce00000|  0%| F|  |TAMS 0x000000070cc00000, 0x000000070cc00000| Untracked 
|  81|0x000000070ce00000, 0x000000070ce00000, 0x000000070d000000|  0%| F|  |TAMS 0x000000070ce00000, 0x000000070ce00000| Untracked 
|  82|0x000000070d000000, 0x000000070d000000, 0x000000070d200000|  0%| F|  |TAMS 0x000000070d000000, 0x000000070d000000| Untracked 
|  83|0x000000070d200000, 0x000000070d200000, 0x000000070d400000|  0%| F|  |TAMS 0x000000070d200000, 0x000000070d200000| Untracked 
|  84|0x000000070d400000, 0x000000070d400000, 0x000000070d600000|  0%| F|  |TAMS 0x000000070d400000, 0x000000070d400000| Untracked 
|  85|0x000000070d600000, 0x000000070d600000, 0x000000070d800000|  0%| F|  |TAMS 0x000000070d600000, 0x000000070d600000| Untracked 
|  86|0x000000070d800000, 0x000000070d800000, 0x000000070da00000|  0%| F|  |TAMS 0x000000070d800000, 0x000000070d800000| Untracked 
|  87|0x000000070da00000, 0x000000070da00000, 0x000000070dc00000|  0%| F|  |TAMS 0x000000070da00000, 0x000000070da00000| Untracked 
|  88|0x000000070dc00000, 0x000000070dc00000, 0x000000070de00000|  0%| F|  |TAMS 0x000000070dc00000, 0x000000070dc00000| Untracked 
|  89|0x000000070de00000, 0x000000070de00000, 0x000000070e000000|  0%| F|  |TAMS 0x000000070de00000, 0x000000070de00000| Untracked 
|  90|0x000000070e000000, 0x000000070e000000, 0x000000070e200000|  0%| F|  |TAMS 0x000000070e000000, 0x000000070e000000| Untracked 
|  91|0x000000070e200000, 0x000000070e200000, 0x000000070e400000|  0%| F|  |TAMS 0x000000070e200000, 0x000000070e200000| Untracked 
|  92|0x000000070e400000, 0x000000070e400000, 0x000000070e600000|  0%| F|  |TAMS 0x000000070e400000, 0x000000070e400000| Untracked 
|  93|0x000000070e600000, 0x000000070e600000, 0x000000070e800000|  0%| F|  |TAMS 0x000000070e600000, 0x000000070e600000| Untracked 
|  94|0x000000070e800000, 0x000000070e800000, 0x000000070ea00000|  0%| F|  |TAMS 0x000000070e800000, 0x000000070e800000| Untracked 
|  95|0x000000070ea00000, 0x000000070ea00000, 0x000000070ec00000|  0%| F|  |TAMS 0x000000070ea00000, 0x000000070ea00000| Untracked 
|  96|0x000000070ec00000, 0x000000070ec00000, 0x000000070ee00000|  0%| F|  |TAMS 0x000000070ec00000, 0x000000070ec00000| Untracked 
|  97|0x000000070ee00000, 0x000000070ee00000, 0x000000070f000000|  0%| F|  |TAMS 0x000000070ee00000, 0x000000070ee00000| Untracked 
|  98|0x000000070f000000, 0x000000070f000000, 0x000000070f200000|  0%| F|  |TAMS 0x000000070f000000, 0x000000070f000000| Untracked 
|  99|0x000000070f200000, 0x000000070f200000, 0x000000070f400000|  0%| F|  |TAMS 0x000000070f200000, 0x000000070f200000| Untracked 
| 100|0x000000070f400000, 0x000000070f400000, 0x000000070f600000|  0%| F|  |TAMS 0x000000070f400000, 0x000000070f400000| Untracked 
| 101|0x000000070f600000, 0x000000070f600000, 0x000000070f800000|  0%| F|  |TAMS 0x000000070f600000, 0x000000070f600000| Untracked 
| 102|0x000000070f800000, 0x000000070f800000, 0x000000070fa00000|  0%| F|  |TAMS 0x000000070f800000, 0x000000070f800000| Untracked 
| 103|0x000000070fa00000, 0x000000070fa00000, 0x000000070fc00000|  0%| F|  |TAMS 0x000000070fa00000, 0x000000070fa00000| Untracked 
| 104|0x000000070fc00000, 0x000000070fc00000, 0x000000070fe00000|  0%| F|  |TAMS 0x000000070fc00000, 0x000000070fc00000| Untracked 
| 105|0x000000070fe00000, 0x000000070fe00000, 0x0000000710000000|  0%| F|  |TAMS 0x000000070fe00000, 0x000000070fe00000| Untracked 
| 106|0x0000000710000000, 0x0000000710000000, 0x0000000710200000|  0%| F|  |TAMS 0x0000000710000000, 0x0000000710000000| Untracked 
| 107|0x0000000710200000, 0x0000000710200000, 0x0000000710400000|  0%| F|  |TAMS 0x0000000710200000, 0x0000000710200000| Untracked 
| 108|0x0000000710400000, 0x0000000710400000, 0x0000000710600000|  0%| F|  |TAMS 0x0000000710400000, 0x0000000710400000| Untracked 
| 109|0x0000000710600000, 0x0000000710600000, 0x0000000710800000|  0%| F|  |TAMS 0x0000000710600000, 0x0000000710600000| Untracked 
| 110|0x0000000710800000, 0x0000000710800000, 0x0000000710a00000|  0%| F|  |TAMS 0x0000000710800000, 0x0000000710800000| Untracked 
| 111|0x0000000710a00000, 0x0000000710a00000, 0x0000000710c00000|  0%| F|  |TAMS 0x0000000710a00000, 0x0000000710a00000| Untracked 
| 112|0x0000000710c00000, 0x0000000710c00000, 0x0000000710e00000|  0%| F|  |TAMS 0x0000000710c00000, 0x0000000710c00000| Untracked 
| 113|0x0000000710e00000, 0x0000000710e00000, 0x0000000711000000|  0%| F|  |TAMS 0x0000000710e00000, 0x0000000710e00000| Untracked 
| 114|0x0000000711000000, 0x0000000711000000, 0x0000000711200000|  0%| F|  |TAMS 0x0000000711000000, 0x0000000711000000| Untracked 
| 115|0x0000000711200000, 0x0000000711200000, 0x0000000711400000|  0%| F|  |TAMS 0x0000000711200000, 0x0000000711200000| Untracked 
| 116|0x0000000711400000, 0x0000000711400000, 0x0000000711600000|  0%| F|  |TAMS 0x0000000711400000, 0x0000000711400000| Untracked 
| 117|0x0000000711600000, 0x0000000711600000, 0x0000000711800000|  0%| F|  |TAMS 0x0000000711600000, 0x0000000711600000| Untracked 
| 118|0x0000000711800000, 0x0000000711800000, 0x0000000711a00000|  0%| F|  |TAMS 0x0000000711800000, 0x0000000711800000| Untracked 
| 119|0x0000000711a00000, 0x0000000711a00000, 0x0000000711c00000|  0%| F|  |TAMS 0x0000000711a00000, 0x0000000711a00000| Untracked 
| 120|0x0000000711c00000, 0x0000000711c00000, 0x0000000711e00000|  0%| F|  |TAMS 0x0000000711c00000, 0x0000000711c00000| Untracked 
| 121|0x0000000711e00000, 0x0000000711e00000, 0x0000000712000000|  0%| F|  |TAMS 0x0000000711e00000, 0x0000000711e00000| Untracked 
| 122|0x0000000712000000, 0x0000000712000000, 0x0000000712200000|  0%| F|  |TAMS 0x0000000712000000, 0x0000000712000000| Untracked 
| 123|0x0000000712200000, 0x0000000712200000, 0x0000000712400000|  0%| F|  |TAMS 0x0000000712200000, 0x0000000712200000| Untracked 
| 124|0x0000000712400000, 0x0000000712594af0, 0x0000000712600000| 79%| E|  |TAMS 0x0000000712400000, 0x0000000712400000| Complete 
| 125|0x0000000712600000, 0x0000000712800000, 0x0000000712800000|100%| E|CS|TAMS 0x0000000712600000, 0x0000000712600000| Complete 
| 126|0x0000000712800000, 0x0000000712a00000, 0x0000000712a00000|100%| E|CS|TAMS 0x0000000712800000, 0x0000000712800000| Complete 

Card table byte_map: [0x000002c30f7f0000,0x000002c30ffe0000] _byte_map_base: 0x000002c30bfda000

Marking Bits (Prev, Next): (CMBitMap*) 0x000002c37c115fe0, (CMBitMap*) 0x000002c37c116020
 Prev Bits: [0x000002c3107d0000, 0x000002c314720000)
 Next Bits: [0x000002c314720000, 0x000002c318670000)

Polling page: 0x000002c37b8a0000

Metaspace:

Usage:
  Non-class:      8.25 MB used.
      Class:    787.34 KB used.
       Both:      9.02 MB used.

Virtual space:
  Non-class space:       16.00 MB reserved,       8.31 MB ( 52%) committed,  2 nodes.
      Class space:        1.00 GB reserved,     832.00 KB ( <1%) committed,  1 nodes.
              Both:        1.02 GB reserved,       9.12 MB ( <1%) committed. 

Chunk freelists:
   Non-Class:  3.72 MB
       Class:  3.23 MB
        Both:  6.94 MB

MaxMetaspaceSize: 17179869184.00 GB
CompressedClassSpaceSize: 1.00 GB
 - commit_granule_bytes: 65536.
 - commit_granule_words: 8192.
 - virtual_space_node_default_size: 1048576.
 - enlarge_chunks_in_place: 1.
 - new_chunks_are_fully_committed: 0.
 - uncommit_free_chunks: 1.
 - use_allocation_guard: 0.
 - handle_deallocations: 1.


Internal statistics:

num_allocs_failed_limit: 0.
num_arena_births: 10.
num_arena_deaths: 0.
num_vsnodes_births: 3.
num_vsnodes_deaths: 0.
num_space_committed: 146.
num_space_uncommitted: 0.
num_chunks_returned_to_freelist: 0.
num_chunks_taken_from_freelist: 49.
num_chunk_merges: 0.
num_chunk_splits: 20.
num_chunks_enlarged: 13.
num_purges: 0.

CodeHeap 'non-profiled nmethods': size=120000Kb used=126Kb max_used=126Kb free=119873Kb
 bounds [0x000002c307ad0000, 0x000002c307d40000, 0x000002c30f000000]
CodeHeap 'profiled nmethods': size=120000Kb used=555Kb max_used=555Kb free=119444Kb
 bounds [0x000002c3005a0000, 0x000002c300810000, 0x000002c307ad0000]
CodeHeap 'non-nmethods': size=5760Kb used=1197Kb max_used=1215Kb free=4562Kb
 bounds [0x000002c300000000, 0x000002c300270000, 0x000002c3005a0000]
 total_blobs=812 nmethods=409 adapters=316
 compilation: enabled
              stopped_count=0, restarted_count=0
 full_count=0

Compilation events (20 events):
Event: 56652.665 Thread 0x000002c31b46ae00  408       4       org.eclipse.jdt.launching.internal.org.objectweb.asm.ClassReader::readUnsignedShort (26 bytes)
Event: 56652.667 Thread 0x000002c31b46ae00 

Event: 56724.137 Thread 0x000002c31b46b800  409       3       org.eclipse.jdt.launching.internal.org.objectweb.asm.ClassReader::readInt (52 bytes)
Event: 56724.138 Thread 0x000002c31b46b800 nmethod 409 0x000002c300629410 code [0x000002c3006295c0, 0x000002c300629798]
Event: 56724.138 Thread 0x000002c31b46b800  410       3       org.eclipse.jdt.launching.internal.org.objectweb.asm.SymbolTable::addConstantUtf8 (98 bytes)
Event: 56724.139 Thread 0x000002c31b46b800 

Event: 56724.139 Thread 0x000002c31b46b800  411       1       org.eclipse.jdt.launching.internal.org.objectweb.asm.MethodWriter::hasAsmInstructions (5 bytes)
Event: 56724.139 Thread 0x000002c31b46b800 nmethod 411 0x000002c307aef510 code [0x000002c307aef6a0, 0x000002c307aef778]
Event: 56865.162 Thread 0x000002c31b46ae00  412       4       org.eclipse.jdt.launching.internal.org.objectweb.asm.ClassReader::getItem (7 bytes)
Event: 56865.163 Thread 0x000002c31b46ae00 

Event: 56865.163 Thread 0x000002c31b46ae00  413       4       org.eclipse.jdt.launching.internal.org.objectweb.asm.ClassReader::readUnsignedShort (26 bytes)
Event: 56865.164 Thread 0x000002c31b46ae00 nmethod 413 0x000002c307aef810 code [0x000002c307aef9a0, 0x000002c307aefab8]
Event: 56992.315 Thread 0x000002c31b46b800  414       3       org.eclipse.jdt.launching.internal.org.objectweb.asm.ClassReader::readClass (7 bytes)
Event: 56992.317 Thread 0x000002c31b46b800 nmethod 414 0x000002c300629910 code [0x000002c300629b00, 0x000002c300629ea8]
Event: 56992.317 Thread 0x000002c31b46b800  415       3       org.eclipse.jdt.launching.internal.org.objectweb.asm.ClassReader::readStringish (16 bytes)
Event: 56992.317 Thread 0x000002c31b46b800 nmethod 415 0x000002c30062a090 code [0x000002c30062a260, 0x000002c30062a588]
Event: 57075.030 Thread 0x000002c31b46ae00  417       4       java.lang.StringUTF16::compress (50 bytes)
Event: 57075.030 Thread 0x000002c31b46b800  416       3       org.eclipse.jdt.launching.internal.org.objectweb.asm.SymbolTable::addConstantUtf8Reference (20 bytes)
Event: 57075.030 Thread 0x000002c31b46b800 nmethod 416 0x000002c30062a710 code [0x000002c30062a8e0, 0x000002c30062aba8]
Event: 57075.035 Thread 0x000002c31b46ae00 


GC Heap History (0 events):
No events

Deoptimization events (20 events):
Event: 0.316 Thread 0x000002c37c0c2760 DEOPT PACKING pc=0x000002c3006111e7 sp=0x000000eb6f8f7fb0
Event: 0.316 Thread 0x000002c37c0c2760 DEOPT UNPACKING pc=0x000002c30004dece sp=0x000000eb6f8f7418 mode 0
Event: 0.316 Thread 0x000002c37c0c2760 DEOPT PACKING pc=0x000002c3006111e7 sp=0x000000eb6f8f7fb0
Event: 0.316 Thread 0x000002c37c0c2760 DEOPT UNPACKING pc=0x000002c30004dece sp=0x000000eb6f8f7418 mode 0
Event: 0.318 Thread 0x000002c37c0c2760 DEOPT PACKING pc=0x000002c3006111e7 sp=0x000000eb6f8fb9e0
Event: 0.318 Thread 0x000002c37c0c2760 DEOPT UNPACKING pc=0x000002c30004dece sp=0x000000eb6f8fae48 mode 0
Event: 0.318 Thread 0x000002c37c0c2760 DEOPT PACKING pc=0x000002c3006111e7 sp=0x000000eb6f8fb9e0
Event: 0.318 Thread 0x000002c37c0c2760 DEOPT UNPACKING pc=0x000002c30004dece sp=0x000000eb6f8fae48 mode 0
Event: 0.318 Thread 0x000002c37c0c2760 DEOPT PACKING pc=0x000002c3006111e7 sp=0x000000eb6f8fb9e0
Event: 0.318 Thread 0x000002c37c0c2760 DEOPT UNPACKING pc=0x000002c30004dece sp=0x000000eb6f8fae48 mode 0
Event: 0.319 Thread 0x000002c37c0c2760 DEOPT PACKING pc=0x000002c3006111e7 sp=0x000000eb6f8f7f30
Event: 0.319 Thread 0x000002c37c0c2760 DEOPT UNPACKING pc=0x000002c30004dece sp=0x000000eb6f8f7398 mode 0
Event: 0.325 Thread 0x000002c37c0c2760 DEOPT PACKING pc=0x000002c3006111e7 sp=0x000000eb6f8f7ba0
Event: 0.325 Thread 0x000002c37c0c2760 DEOPT UNPACKING pc=0x000002c30004dece sp=0x000000eb6f8f7008 mode 0
Event: 0.325 Thread 0x000002c37c0c2760 DEOPT PACKING pc=0x000002c3006111e7 sp=0x000000eb6f8f7ba0
Event: 0.325 Thread 0x000002c37c0c2760 DEOPT UNPACKING pc=0x000002c30004dece sp=0x000000eb6f8f7008 mode 0
Event: 0.325 Thread 0x000002c37c0c2760 DEOPT PACKING pc=0x000002c3006111e7 sp=0x000000eb6f8f7ba0
Event: 0.325 Thread 0x000002c37c0c2760 DEOPT UNPACKING pc=0x000002c30004dece sp=0x000000eb6f8f7008 mode 0
Event: 0.325 Thread 0x000002c37c0c2760 DEOPT PACKING pc=0x000002c3006111e7 sp=0x000000eb6f8f7ba0
Event: 0.325 Thread 0x000002c37c0c2760 DEOPT UNPACKING pc=0x000002c30004dece sp=0x000000eb6f8f7008 mode 0

Classes unloaded (0 events):
No events

Classes redefined (18 events):
Event: 212.184 Thread 0x000002c31aa8d6f0 redefined class name=Fabrica, count=1
Event: 273.096 Thread 0x000002c31aa8d6f0 redefined class name=Fabrica, count=2
Event: 303.034 Thread 0x000002c31aa8d6f0 redefined class name=Fabrica, count=3
Event: 336.913 Thread 0x000002c31aa8d6f0 redefined class name=Fabrica, count=4
Event: 424.828 Thread 0x000002c31aa8d6f0 redefined class name=Fabrica, count=5
Event: 438.563 Thread 0x000002c31aa8d6f0 redefined class name=Fabrica, count=6
Event: 466.802 Thread 0x000002c31aa8d6f0 redefined class name=Coche, count=1
Event: 526.106 Thread 0x000002c31aa8d6f0 redefined class name=Coche, count=2
Event: 56279.220 Thread 0x000002c31aa8d6f0 redefined class name=Coche, count=3
Event: 56613.842 Thread 0x000002c31aa8d6f0 redefined class name=Fabrica, count=7
Event: 56652.666 Thread 0x000002c31aa8d6f0 redefined class name=Fabrica, count=8
Event: 56724.138 Thread 0x000002c31aa8d6f0 redefined class name=Coche, count=4
Event: 56779.293 Thread 0x000002c31aa8d6f0 redefined class name=Fabrica, count=9
Event: 56865.162 Thread 0x000002c31aa8d6f0 redefined class name=Fabrica, count=10
Event: 56910.223 Thread 0x000002c31aa8d6f0 redefined class name=Fabrica, count=11
Event: 56977.049 Thread 0x000002c31aa8d6f0 redefined class name=Fabrica, count=12
Event: 56992.316 Thread 0x000002c31aa8d6f0 redefined class name=Fabrica, count=13
Event: 57075.031 Thread 0x000002c31aa8d6f0 redefined class name=Fabrica, count=14

Internal exceptions (1 events):
Event: 0.297 Thread 0x000002c37c0c2760 Exception <a 'java/lang/NoSuchMethodError'{0x000000071249e380}: 'java.lang.Object java.lang.invoke.DirectMethodHandle$Holder.invokeStatic(java.lang.Object)'> (0x000000071249e380) 
thrown [t:\workspace\open\src\hotspot\share\interpreter\linkResolver.cpp, line 790]

Events (20 events):
Event: 56865.163 Executing  VM operation: RedefineClasses done
Event: 56865.166 Executing  VM operation: ChangeBreakpoints
Event: 56865.166 Executing  VM operation: ChangeBreakpoints done
Event: 56910.222 Executing  VM operation: RedefineClasses
Event: 56910.224 Executing  VM operation: RedefineClasses done
Event: 56910.227 Executing  VM operation: ChangeBreakpoints
Event: 56910.227 Executing  VM operation: ChangeBreakpoints done
Event: 56977.048 Executing  VM operation: RedefineClasses
Event: 56977.050 Executing  VM operation: RedefineClasses done
Event: 56977.053 Executing  VM operation: ChangeBreakpoints
Event: 56977.053 Executing  VM operation: ChangeBreakpoints done
Event: 56992.316 Executing  VM operation: RedefineClasses
Event: 56992.317 Executing  VM operation: RedefineClasses done
Event: 56992.320 Executing  VM operation: ChangeBreakpoints
Event: 56992.320 Executing  VM operation: ChangeBreakpoints done
Event: 57075.030 Executing  VM operation: RedefineClasses
Event: 57075.032 Executing  VM operation: RedefineClasses done
Event: 57075.035 Executing  VM operation: ChangeBreakpoints
Event: 57075.035 Executing  VM operation: ChangeBreakpoints done
Event: 57176.100 Executing  VM operation: RedefineClasses


Dynamic libraries:
0x00007ff622600000 - 0x00007ff62260e000 	C:\Program Files\Eclipse\eclipse-java-2021-06-R-win32-x86_64\eclipse\plugins\org.eclipse.justj.openjdk.hotspot.jre.full.win32.x86_64_16.0.1.v20210528-1205\jre\bin\javaw.exe
0x00007fff89760000 - 0x00007fff89969000 	C:\WINDOWS\SYSTEM32\ntdll.dll
0x00007fff877e0000 - 0x00007fff8789d000 	C:\WINDOWS\System32\KERNEL32.DLL
0x00007fff86fc0000 - 0x00007fff87334000 	C:\WINDOWS\System32\KERNELBASE.dll
0x00007fff874e0000 - 0x00007fff875f1000 	C:\WINDOWS\System32\ucrtbase.dll
0x00007fff77ec0000 - 0x00007fff77ed9000 	C:\Program Files\Eclipse\eclipse-java-2021-06-R-win32-x86_64\eclipse\plugins\org.eclipse.justj.openjdk.hotspot.jre.full.win32.x86_64_16.0.1.v20210528-1205\jre\bin\VCRUNTIME140.dll
0x00007fff7d370000 - 0x00007fff7d388000 	C:\Program Files\Eclipse\eclipse-java-2021-06-R-win32-x86_64\eclipse\plugins\org.eclipse.justj.openjdk.hotspot.jre.full.win32.x86_64_16.0.1.v20210528-1205\jre\bin\jli.dll
0x00007fff728e0000 - 0x00007fff72b85000 	C:\WINDOWS\WinSxS\amd64_microsoft.windows.common-controls_6595b64144ccf1df_6.0.22000.120_none_9d947278b86cc467\COMCTL32.dll
0x00007fff881b0000 - 0x00007fff8835c000 	C:\WINDOWS\System32\USER32.dll
0x00007fff87cb0000 - 0x00007fff87d53000 	C:\WINDOWS\System32\msvcrt.dll
0x00007fff86cf0000 - 0x00007fff86d16000 	C:\WINDOWS\System32\win32u.dll
0x00007fff876d0000 - 0x00007fff876f9000 	C:\WINDOWS\System32\GDI32.dll
0x00007fff873c0000 - 0x00007fff874d2000 	C:\WINDOWS\System32\gdi32full.dll
0x00007fff86c50000 - 0x00007fff86ced000 	C:\WINDOWS\System32\msvcp_win.dll
0x00007fff87d60000 - 0x00007fff87d91000 	C:\WINDOWS\System32\IMM32.DLL
0x00007fff7d360000 - 0x00007fff7d36c000 	C:\Program Files\Eclipse\eclipse-java-2021-06-R-win32-x86_64\eclipse\plugins\org.eclipse.justj.openjdk.hotspot.jre.full.win32.x86_64_16.0.1.v20210528-1205\jre\bin\vcruntime140_1.dll
0x00007fff74ac0000 - 0x00007fff74b51000 	C:\Program Files\Eclipse\eclipse-java-2021-06-R-win32-x86_64\eclipse\plugins\org.eclipse.justj.openjdk.hotspot.jre.full.win32.x86_64_16.0.1.v20210528-1205\jre\bin\msvcp140.dll
0x00007fff22bd0000 - 0x00007fff2377b000 	C:\Program Files\Eclipse\eclipse-java-2021-06-R-win32-x86_64\eclipse\plugins\org.eclipse.justj.openjdk.hotspot.jre.full.win32.x86_64_16.0.1.v20210528-1205\jre\bin\server\jvm.dll
0x00007fff895a0000 - 0x00007fff8964e000 	C:\WINDOWS\System32\ADVAPI32.dll
0x00007fff88b40000 - 0x00007fff88bde000 	C:\WINDOWS\System32\sechost.dll
0x00007fff89480000 - 0x00007fff895a0000 	C:\WINDOWS\System32\RPCRT4.dll
0x00007fff88be0000 - 0x00007fff88be8000 	C:\WINDOWS\System32\PSAPI.DLL
0x00007fff700b0000 - 0x00007fff700b9000 	C:\WINDOWS\SYSTEM32\WSOCK32.dll
0x00007fff7f9f0000 - 0x00007fff7f9fa000 	C:\WINDOWS\SYSTEM32\VERSION.dll
0x00007fff78040000 - 0x00007fff78073000 	C:\WINDOWS\SYSTEM32\WINMM.dll
0x00007fff87600000 - 0x00007fff8766f000 	C:\WINDOWS\System32\WS2_32.dll
0x00007fff85e40000 - 0x00007fff85e58000 	C:\WINDOWS\SYSTEM32\kernel.appcore.dll
0x00007fff83250000 - 0x00007fff8325a000 	C:\Program Files\Eclipse\eclipse-java-2021-06-R-win32-x86_64\eclipse\plugins\org.eclipse.justj.openjdk.hotspot.jre.full.win32.x86_64_16.0.1.v20210528-1205\jre\bin\jimage.dll
0x00007fff70510000 - 0x00007fff70731000 	C:\WINDOWS\SYSTEM32\DBGHELP.DLL
0x00007fff6f9f0000 - 0x00007fff6fa21000 	C:\WINDOWS\SYSTEM32\dbgcore.DLL
0x00007fff87340000 - 0x00007fff873bf000 	C:\WINDOWS\System32\bcryptPrimitives.dll
0x00007fff74a80000 - 0x00007fff74abb000 	C:\Program Files\Eclipse\eclipse-java-2021-06-R-win32-x86_64\eclipse\plugins\org.eclipse.justj.openjdk.hotspot.jre.full.win32.x86_64_16.0.1.v20210528-1205\jre\bin\jdwp.dll
0x00007fff782c0000 - 0x00007fff782ce000 	C:\Program Files\Eclipse\eclipse-java-2021-06-R-win32-x86_64\eclipse\plugins\org.eclipse.justj.openjdk.hotspot.jre.full.win32.x86_64_16.0.1.v20210528-1205\jre\bin\instrument.dll
0x00007fff73bc0000 - 0x00007fff73be5000 	C:\Program Files\Eclipse\eclipse-java-2021-06-R-win32-x86_64\eclipse\plugins\org.eclipse.justj.openjdk.hotspot.jre.full.win32.x86_64_16.0.1.v20210528-1205\jre\bin\java.dll
0x00007fff748e0000 - 0x00007fff748f8000 	C:\Program Files\Eclipse\eclipse-java-2021-06-R-win32-x86_64\eclipse\plugins\org.eclipse.justj.openjdk.hotspot.jre.full.win32.x86_64_16.0.1.v20210528-1205\jre\bin\zip.dll
0x00007fff88cd0000 - 0x00007fff8947e000 	C:\WINDOWS\System32\SHELL32.dll
0x00007fff84dd0000 - 0x00007fff85637000 	C:\WINDOWS\SYSTEM32\windows.storage.dll
0x00007fff87e30000 - 0x00007fff881a8000 	C:\WINDOWS\System32\combase.dll
0x00007fff84c60000 - 0x00007fff84dc6000 	C:\WINDOWS\SYSTEM32\wintypes.dll
0x00007fff87900000 - 0x00007fff879ea000 	C:\WINDOWS\System32\SHCORE.dll
0x00007fff87670000 - 0x00007fff876cd000 	C:\WINDOWS\System32\shlwapi.dll
0x00007fff86b80000 - 0x00007fff86ba1000 	C:\WINDOWS\SYSTEM32\profapi.dll
0x00007fff773e0000 - 0x00007fff773ec000 	C:\Program Files\Eclipse\eclipse-java-2021-06-R-win32-x86_64\eclipse\plugins\org.eclipse.justj.openjdk.hotspot.jre.full.win32.x86_64_16.0.1.v20210528-1205\jre\bin\dt_socket.dll
0x00007fff85970000 - 0x00007fff8599d000 	C:\WINDOWS\SYSTEM32\IPHLPAPI.DLL
0x00007fff86270000 - 0x00007fff862d7000 	C:\WINDOWS\system32\mswsock.dll
0x00007fff859a0000 - 0x00007fff85a87000 	C:\WINDOWS\SYSTEM32\DNSAPI.dll
0x00007fff87e20000 - 0x00007fff87e29000 	C:\WINDOWS\System32\NSI.dll
0x00007fff7f9e0000 - 0x00007fff7f9ea000 	C:\Windows\System32\rasadhlp.dll
0x00007fff80020000 - 0x00007fff800a1000 	C:\WINDOWS\System32\fwpuclnt.dll
0x00007fff73ba0000 - 0x00007fff73bb9000 	C:\Program Files\Eclipse\eclipse-java-2021-06-R-win32-x86_64\eclipse\plugins\org.eclipse.justj.openjdk.hotspot.jre.full.win32.x86_64_16.0.1.v20210528-1205\jre\bin\net.dll
0x00007fff81eb0000 - 0x00007fff81fbc000 	C:\WINDOWS\SYSTEM32\WINHTTP.dll
0x00007fff73b80000 - 0x00007fff73b93000 	C:\Program Files\Eclipse\eclipse-java-2021-06-R-win32-x86_64\eclipse\plugins\org.eclipse.justj.openjdk.hotspot.jre.full.win32.x86_64_16.0.1.v20210528-1205\jre\bin\nio.dll
0x00007fff83240000 - 0x00007fff83250000 	C:\Program Files\Eclipse\eclipse-java-2021-06-R-win32-x86_64\eclipse\plugins\org.eclipse.justj.openjdk.hotspot.jre.full.win32.x86_64_16.0.1.v20210528-1205\jre\bin\verify.dll

dbghelp: loaded successfully - version: 4.0.5 - missing functions: none
symbol engine: initialized successfully - sym options: 0x614 - pdb path: .;C:\Program Files\Eclipse\eclipse-java-2021-06-R-win32-x86_64\eclipse\plugins\org.eclipse.justj.openjdk.hotspot.jre.full.win32.x86_64_16.0.1.v20210528-1205\jre\bin;C:\WINDOWS\SYSTEM32;C:\WINDOWS\WinSxS\amd64_microsoft.windows.common-controls_6595b64144ccf1df_6.0.22000.120_none_9d947278b86cc467;C:\Program Files\Eclipse\eclipse-java-2021-06-R-win32-x86_64\eclipse\plugins\org.eclipse.justj.openjdk.hotspot.jre.full.win32.x86_64_16.0.1.v20210528-1205\jre\bin\server

VM Arguments:
jvm_args: -XX:+ShowCodeDetailsInExceptionMessages -agentlib:jdwp=transport=dt_socket,suspend=y,address=localhost:57304 -javaagent:C:\Users\sergi\.eclipse\org.eclipse.platform_4.20.0_1154515936_win32_win32_x86_64\configuration\org.eclipse.osgi\222\0\.cp\lib\javaagent-shaded.jar -Dfile.encoding=Cp1252 
java_command: Fabrica
java_class_path (initial): C:\Users\sergi\Desktop\eclipse-workspace\T6\P6.FabricaDeCoches\bin
Launcher Type: SUN_STANDARD

[Global flags]
     intx CICompilerCount                          = 4                                         {product} {ergonomic}
     uint ConcGCThreads                            = 2                                         {product} {ergonomic}
     uint G1ConcRefinementThreads                  = 8                                         {product} {ergonomic}
   size_t G1HeapRegionSize                         = 2097152                                   {product} {ergonomic}
    uintx GCDrainStackTargetSize                   = 64                                        {product} {ergonomic}
   size_t InitialHeapSize                          = 266338304                                 {product} {ergonomic}
   size_t MarkStackSize                            = 4194304                                   {product} {ergonomic}
   size_t MaxHeapSize                              = 4248829952                                {product} {ergonomic}
   size_t MaxNewSize                               = 2548039680                                {product} {ergonomic}
   size_t MinHeapDeltaBytes                        = 2097152                                   {product} {ergonomic}
   size_t MinHeapSize                              = 8388608                                   {product} {ergonomic}
    uintx NonNMethodCodeHeapSize                   = 5839372                                {pd product} {ergonomic}
    uintx NonProfiledCodeHeapSize                  = 122909434                              {pd product} {ergonomic}
    uintx ProfiledCodeHeapSize                     = 122909434                              {pd product} {ergonomic}
    uintx ReservedCodeCacheSize                    = 251658240                              {pd product} {ergonomic}
     bool SegmentedCodeCache                       = true                                      {product} {ergonomic}
     bool ShowCodeDetailsInExceptionMessages       = true                                   {manageable} {command line}
   size_t SoftMaxHeapSize                          = 4248829952                             {manageable} {ergonomic}
     bool UseCompressedClassPointers               = true                           {product lp64_product} {ergonomic}
     bool UseCompressedOops                        = true                           {product lp64_product} {ergonomic}
     bool UseG1GC                                  = true                                      {product} {ergonomic}
     bool UseLargePagesIndividualAllocation        = false                                  {pd product} {ergonomic}

Logging:
Log output configuration:
 #0: stdout all=warning uptime,level,tags
 #1: stderr all=off uptime,level,tags

Environment Variables:
PATH=C:\Program Files\Eclipse\eclipse-java-2021-06-R-win32-x86_64\eclipse\plugins\org.eclipse.justj.openjdk.hotspot.jre.full.win32.x86_64_16.0.1.v20210528-1205\jre\bin;C:/Program Files/Eclipse/eclipse-java-2021-06-R-win32-x86_64/eclipse//plugins/org.eclipse.justj.openjdk.hotspot.jre.full.win32.x86_64_16.0.1.v20210528-1205/jre/bin/server;C:/Program Files/Eclipse/eclipse-java-2021-06-R-win32-x86_64/eclipse//plugins/org.eclipse.justj.openjdk.hotspot.jre.full.win32.x86_64_16.0.1.v20210528-1205/jre/bin;C:\Program Files\Common Files\Oracle\Java\javapath;C:\Windows\system32;C:\Windows;C:\Windows\System32\Wbem;C:\Windows\System32\WindowsPowerShell\v1.0\;C:\Windows\System32\OpenSSH\;C:\Program Files\NVIDIA Corporation\NVIDIA NvDLISR;C:\Program Files (x86)\NVIDIA Corporation\PhysX\Common;C:\Program Files\Intel\WiFi\bin\;C:\Program Files\Common Files\Intel\WirelessCommon\;C:\Program Files\Java\jdk-11.0.12\bin;C:\WINDOWS\system32;C:\WINDOWS;C:\WINDOWS\System32\Wbem;C:\WINDOWS\System32\WindowsPowerShell\v1.0\;C:\WINDOWS\System32\OpenSSH\;C:\Program Files\MySQL\MySQL Utilities 1.6\;C:\Program Files\dotnet\;C:\MinGW\bin;C:\Program Files\Microsoft SQL Server\150\Tools\Binn\;C:\Program Files\Microsoft SQL Server\Client SDK\ODBC\170\Tools\Binn\;C:\Users\sergi\AppData\Local\Microsoft\WindowsApps;C:\Program Files\Intel\WiFi\bin\;C:\Program Files\Common Files\Intel\WirelessCommon\;C:\Users\sergi\AppData\Local\Programs\Microsoft VS Code\bin;C:\Users\sergi\.dotnet\tools;C:\Program Files\Eclipse\eclipse-java-2021-06-R-win32-x86_64\eclipse;
USERNAME=sergi
OS=Windows_NT
PROCESSOR_IDENTIFIER=Intel64 Family 6 Model 142 Stepping 12, GenuineIntel



---------------  S Y S T E M  ---------------

OS:
 Windows 10 , 64 bit Build 22000 (10.0.22000.434)
OS uptime: 6 days 1:09 hours

CPU: total 8 (initial active 8) (4 cores per cpu, 2 threads per core) family 6 model 142 stepping 12 microcode 0xde, cx8, cmov, fxsr, ht, mmx, 3dnowpref, sse, sse2, sse3, ssse3, sse4.1, sse4.2, popcnt, lzcnt, tsc, tscinvbit, avx, avx2, aes, erms, clmul, bmi1, bmi2, adx, fma, vzeroupper, clflush, clflushopt

Memory: 4k page, system-wide physical 16201M (10137M free)
TotalPageFile size 18633M (AvailPageFile size 10968M)
current process WorkingSet (physical memory assigned to process): 39M, peak: 47M
current process commit charge ("private bytes"): 340M, peak: 343M

vm_info: OpenJDK 64-Bit Server VM (16.0.1+9-24) for windows-amd64 JRE (16.0.1+9-24), built on Mar 26 2021 19:30:07 by "mach5one" with MS VC++ 16.7 (VS2019)

END.
